<?xml version="1.0" encoding="UTF-8"?>
<!-- Generated by org.testng.reporters.JUnitReportReporter -->
<testsuite hostname="BumbleBee" failures="0" tests="3" name="rudraAcademy.submitOrder" time="23.959" errors="0" timestamp="2022-09-21T19:21:01 IST" skipped="0">
  <testcase classname="rudraAcademy.submitOrder" name="submitorder" time="8.046"/>
  <system-out/>
  <testcase classname="rudraAcademy.submitOrder" name="submitorder" time="10.935"/>
  <system-out/>
  <testcase classname="rudraAcademy.submitOrder" name="orderHistory" time="4.978"/>
  <system-out/>
</testsuite> <!-- rudraAcademy.submitOrder -->
