<?xml version="1.0" encoding="UTF-8"?>
<!-- Generated by org.testng.reporters.JUnitReportReporter -->
<testsuite hostname="BumbleBee" failures="0" tests="3" name="rudraAcademy.submitOrder" time="50.064" errors="0" timestamp="2022-09-22T10:57:15 IST" skipped="0">
  <testcase classname="rudraAcademy.submitOrder" name="orderHistory" time="11.109"/>
  <system-out/>
  <testcase classname="rudraAcademy.submitOrder" name="submitorder" time="15.818"/>
  <system-out/>
  <testcase classname="rudraAcademy.submitOrder" name="submitorder" time="23.137"/>
  <system-out/>
</testsuite> <!-- rudraAcademy.submitOrder -->
