<?xml version="1.0" encoding="UTF-8"?>
<!-- Generated by org.testng.reporters.JUnitReportReporter -->
<testsuite hostname="BumbleBee" failures="0" tests="2" name="rudraAcademy.errorValidation" time="28.457" errors="0" timestamp="2022-09-22T10:57:15 IST" skipped="0">
  <testcase classname="rudraAcademy.errorValidation" name="loginPageValidation" time="7.966"/>
  <system-out/>
  <testcase classname="rudraAcademy.errorValidation" name="prodctValidation" time="20.491"/>
  <system-out/>
</testsuite> <!-- rudraAcademy.errorValidation -->
